<?xml version="1.0" encoding="UTF-8"?>
<testsuite name="com.chameleon.tollgate.TollgateApplicationTests" tests="1" skipped="0" failures="0" errors="0" timestamp="2021-07-27T07:36:16" hostname="DESKTOP-ITITGJ7" time="0.502">
  <properties/>
  <testcase name="contextLoads()" classname="com.chameleon.tollgate.TollgateApplicationTests" time="0.502"/>
  <system-out><![CDATA[16:36:12.938 [Test worker] DEBUG org.springframework.test.context.BootstrapUtils - Instantiating CacheAwareContextLoaderDelegate from class [org.springframework.test.context.cache.DefaultCacheAwareContextLoaderDelegate]
16:36:12.954 [Test worker] DEBUG org.springframework.test.context.BootstrapUtils - Instantiating BootstrapContext using constructor [public org.springframework.test.context.support.DefaultBootstrapContext(java.lang.Class,org.springframework.test.context.CacheAwareContextLoaderDelegate)]
16:36:12.993 [Test worker] DEBUG org.springframework.test.context.BootstrapUtils - Instantiating TestContextBootstrapper for test class [com.chameleon.tollgate.TollgateApplicationTests] from class [org.springframework.boot.test.context.SpringBootTestContextBootstrapper]
16:36:13.007 [Test worker] INFO org.springframework.boot.test.context.SpringBootTestContextBootstrapper - Neither @ContextConfiguration nor @ContextHierarchy found for test class [com.chameleon.tollgate.TollgateApplicationTests], using SpringBootContextLoader
16:36:13.011 [Test worker] DEBUG org.springframework.test.context.support.AbstractContextLoader - Did not detect default resource location for test class [com.chameleon.tollgate.TollgateApplicationTests]: class path resource [com/chameleon/tollgate/TollgateApplicationTests-context.xml] does not exist
16:36:13.012 [Test worker] DEBUG org.springframework.test.context.support.AbstractContextLoader - Did not detect default resource location for test class [com.chameleon.tollgate.TollgateApplicationTests]: class path resource [com/chameleon/tollgate/TollgateApplicationTestsContext.groovy] does not exist
16:36:13.012 [Test worker] INFO org.springframework.test.context.support.AbstractContextLoader - Could not detect default resource locations for test class [com.chameleon.tollgate.TollgateApplicationTests]: no resource found for suffixes {-context.xml, Context.groovy}.
16:36:13.013 [Test worker] INFO org.springframework.test.context.support.AnnotationConfigContextLoaderUtils - Could not detect default configuration classes for test class [com.chameleon.tollgate.TollgateApplicationTests]: TollgateApplicationTests does not declare any static, non-private, non-final, nested classes annotated with @Configuration.
16:36:13.059 [Test worker] DEBUG org.springframework.test.context.support.ActiveProfilesUtils - Could not find an 'annotation declaring class' for annotation type [org.springframework.test.context.ActiveProfiles] and class [com.chameleon.tollgate.TollgateApplicationTests]
16:36:13.133 [Test worker] DEBUG org.springframework.context.annotation.ClassPathScanningCandidateComponentProvider - Identified candidate component class: file [C:\Users\SeongYun\Desktop\github\Chameleon_Tollgate\Server\tollgate\build\classes\java\main\com\chameleon\tollgate\TollgateApplication.class]
16:36:13.134 [Test worker] INFO org.springframework.boot.test.context.SpringBootTestContextBootstrapper - Found @SpringBootConfiguration com.chameleon.tollgate.TollgateApplication for test class com.chameleon.tollgate.TollgateApplicationTests
16:36:13.278 [Test worker] DEBUG org.springframework.boot.test.context.SpringBootTestContextBootstrapper - @TestExecutionListeners is not present for class [com.chameleon.tollgate.TollgateApplicationTests]: using defaults.
16:36:13.279 [Test worker] INFO org.springframework.boot.test.context.SpringBootTestContextBootstrapper - Loaded default TestExecutionListener class names from location [META-INF/spring.factories]: [org.springframework.boot.test.autoconfigure.restdocs.RestDocsTestExecutionListener, org.springframework.boot.test.autoconfigure.web.client.MockRestServiceServerResetTestExecutionListener, org.springframework.boot.test.autoconfigure.web.servlet.MockMvcPrintOnlyOnFailureTestExecutionListener, org.springframework.boot.test.autoconfigure.web.servlet.WebDriverTestExecutionListener, org.springframework.boot.test.autoconfigure.webservices.client.MockWebServiceServerTestExecutionListener, org.springframework.boot.test.mock.mockito.MockitoTestExecutionListener, org.springframework.boot.test.mock.mockito.ResetMocksTestExecutionListener, org.springframework.test.context.web.ServletTestExecutionListener, org.springframework.test.context.support.DirtiesContextBeforeModesTestExecutionListener, org.springframework.test.context.event.ApplicationEventsTestExecutionListener, org.springframework.test.context.support.DependencyInjectionTestExecutionListener, org.springframework.test.context.support.DirtiesContextTestExecutionListener, org.springframework.test.context.transaction.TransactionalTestExecutionListener, org.springframework.test.context.jdbc.SqlScriptsTestExecutionListener, org.springframework.test.context.event.EventPublishingTestExecutionListener]
16:36:13.306 [Test worker] DEBUG org.springframework.boot.test.context.SpringBootTestContextBootstrapper - Skipping candidate TestExecutionListener [org.springframework.test.context.transaction.TransactionalTestExecutionListener] due to a missing dependency. Specify custom listener classes or make the default listener classes and their required dependencies available. Offending class: [org/springframework/transaction/TransactionDefinition]
16:36:13.307 [Test worker] DEBUG org.springframework.boot.test.context.SpringBootTestContextBootstrapper - Skipping candidate TestExecutionListener [org.springframework.test.context.jdbc.SqlScriptsTestExecutionListener] due to a missing dependency. Specify custom listener classes or make the default listener classes and their required dependencies available. Offending class: [org/springframework/transaction/interceptor/TransactionAttribute]
16:36:13.307 [Test worker] INFO org.springframework.boot.test.context.SpringBootTestContextBootstrapper - Using TestExecutionListeners: [org.springframework.test.context.web.ServletTestExecutionListener@23a619e2, org.springframework.test.context.support.DirtiesContextBeforeModesTestExecutionListener@f786c41, org.springframework.test.context.event.ApplicationEventsTestExecutionListener@3700d23a, org.springframework.boot.test.mock.mockito.MockitoTestExecutionListener@67c69d27, org.springframework.boot.test.autoconfigure.SpringBootDependencyInjectionTestExecutionListener@74bce134, org.springframework.test.context.support.DirtiesContextTestExecutionListener@386a8186, org.springframework.test.context.event.EventPublishingTestExecutionListener@9ca15b3, org.springframework.boot.test.autoconfigure.restdocs.RestDocsTestExecutionListener@5a369e08, org.springframework.boot.test.autoconfigure.web.client.MockRestServiceServerResetTestExecutionListener@4990713b, org.springframework.boot.test.autoconfigure.web.servlet.MockMvcPrintOnlyOnFailureTestExecutionListener@259abf3e, org.springframework.boot.test.autoconfigure.web.servlet.WebDriverTestExecutionListener@7ca441b3, org.springframework.boot.test.autoconfigure.webservices.client.MockWebServiceServerTestExecutionListener@120c46f1, org.springframework.boot.test.mock.mockito.ResetMocksTestExecutionListener@585fe422]
16:36:13.312 [Test worker] DEBUG org.springframework.test.context.support.AbstractDirtiesContextTestExecutionListener - Before test class: context [DefaultTestContext@23e88ef9 testClass = TollgateApplicationTests, testInstance = [null], testMethod = [null], testException = [null], mergedContextConfiguration = [WebMergedContextConfiguration@46d79de testClass = TollgateApplicationTests, locations = '{}', classes = '{class com.chameleon.tollgate.TollgateApplication}', contextInitializerClasses = '[]', activeProfiles = '{}', propertySourceLocations = '{}', propertySourceProperties = '{org.springframework.boot.test.context.SpringBootTestContextBootstrapper=true}', contextCustomizers = set[org.springframework.boot.test.autoconfigure.actuate.metrics.MetricsExportContextCustomizerFactory$DisableMetricExportContextCustomizer@50d60a1e, org.springframework.boot.test.autoconfigure.properties.PropertyMappingContextCustomizer@0, org.springframework.boot.test.autoconfigure.web.servlet.WebDriverContextCustomizerFactory$Customizer@b6f6fc5, org.springframework.boot.test.context.filter.ExcludeFilterContextCustomizer@3d64a55f, org.springframework.boot.test.json.DuplicateJsonObjectContextCustomizerFactory$DuplicateJsonObjectContextCustomizer@7b84917f, org.springframework.boot.test.mock.mockito.MockitoContextCustomizer@0, org.springframework.boot.test.web.client.TestRestTemplateContextCustomizer@435f7ba3, org.springframework.boot.test.context.SpringBootTestArgs@1, org.springframework.boot.test.context.SpringBootTestWebEnvironment@591f0010], resourceBasePath = 'src/main/webapp', contextLoader = 'org.springframework.boot.test.context.SpringBootContextLoader', parent = [null]], attributes = map['org.springframework.test.context.web.ServletTestExecutionListener.activateListener' -> true]], class annotated with @DirtiesContext [false] with mode [null].
16:36:13.356 [Test worker] DEBUG org.springframework.test.context.support.TestPropertySourceUtils - Adding inlined properties to environment: {spring.jmx.enabled=false, org.springframework.boot.test.context.SpringBootTestContextBootstrapper=true}

  .   ____          _            __ _ _
 /\\ / ___'_ __ _ _(_)_ __  __ _ \ \ \ \
( ( )\___ | '_ | '_| | '_ \/ _` | \ \ \ \
 \\/  ___)| |_)| | | | | || (_| |  ) ) ) )
  '  |____| .__|_| |_|_| |_\__, | / / / /
 =========|_|==============|___/=/_/_/_/
 :: Spring Boot ::                (v2.5.1)

2021-07-27 16:36:13.753  INFO 13348 --- [    Test worker] c.c.tollgate.TollgateApplicationTests    : Starting TollgateApplicationTests using Java 15.0.2 on DESKTOP-ITITGJ7 with PID 13348 (started by SeongYun in C:\Users\SeongYun\Desktop\github\Chameleon_Tollgate\Server\tollgate)
2021-07-27 16:36:13.756  INFO 13348 --- [    Test worker] c.c.tollgate.TollgateApplicationTests    : No active profile set, falling back to default profiles: default
SearchUpdate Exception : org.sqlite.SQLiteException: [SQLITE_ERROR] SQL error or missing database (no such table: auth_otp)
initializeOTP Success
2021-07-27 16:36:15.995  INFO 13348 --- [    Test worker] c.c.tollgate.TollgateApplicationTests    : Started TollgateApplicationTests in 2.63 seconds (JVM running for 4.029)
]]></system-out>
  <system-err><![CDATA[]]></system-err>
</testsuite>
